<?xml version="1.0" encoding="UTF-8"?>
<!-- Generated by org.testng.reporters.JUnitReportReporter -->
<testsuite hostname="LAPTOP-BU4D1PCQ" failures="0" tests="1" name="tinyPulse.user.LoginPageTest" time="7.112" errors="0" timestamp="22 Mar 2022 16:50:01 GMT" skipped="0">
  <testcase classname="tinyPulse.user.LoginPageTest" name="Login_01_UserLogInSuccessful" time="7.112"/>
</testsuite> <!-- tinyPulse.user.LoginPageTest -->
