<?xml version="1.0" encoding="UTF-8"?>
<!-- Generated by org.testng.reporters.JUnitReportReporter -->
<testsuite hostname="LAPTOP-BU4D1PCQ" failures="0" tests="1" name="tinyPulse.user.DashboardPageTest" time="6.458" errors="0" timestamp="21 Mar 2022 16:03:52 GMT" skipped="0">
  <testcase classname="tinyPulse.user.DashboardPageTest" name="Login_01_UserLogInSuccessful" time="6.458"/>
</testsuite> <!-- tinyPulse.user.DashboardPageTest -->
